<!DOCTYPE html>
<html>
<head>

<meta http-equiv="Content-Type" content="text/html; charset=UTF-8" />

<script src="js/jquery.min.js"></script>
<script src="js/jquery.tablesorter.min.js"></script>
<script src="js/Chart.min.js"></script>
<script src="js/moment.min.js"></script>
<script src="js/bootstrap.min.js"></script>

<link rel="stylesheet" href="css/bootstrap.min.css" type="text/css"/>
<link rel="stylesheet" href="css/cucumber.css" type="text/css"/>
<link rel="stylesheet" href="css/font-awesome.min.css"/>
<link rel="shortcut icon" href="images/favicon.png"/>

<script>
$(document).ready(function() {
    // this will tell tablesorter to try looking for the data-value attribute
    // if present, it'll sort by that instead
    // otherwise, it'll sort by the text content of the table cell
    $("#tablesorter").tablesorter({
        textAttribute: 'data-value',
        // ignores the first row of the header, the 'scenario', 'steps', since
        // sorting those doesn't make sense
        selectorHeaders: '> thead tr:not(.dont-sort) th',
        // use a stable sort
        sortStable: true
    });
});
</script>











<title>Cucumber Reports (no 1) - Failures Overview</title>

</head>

<body>

<nav class="navbar navbar-default navbar-fixed-top" id="navigation">
  <div class="container-fluid">
    <div class="collapse navbar-collapse">
      <p class="navbar-text navbar-left">Cucumber Report</p>
      <ul class="nav navbar-nav navbar-right">
        <li role="presentation" ><a href="overview-features.html">Features</a></li>
        <li role="presentation" ><a href="overview-tags.html">Tags</a></li>
        <li role="presentation" ><a href="overview-steps.html">Steps</a></li>
        <li role="presentation"  class="active" ><a href="overview-failures.html">Failures</a></li>
      </ul>
    </div>
  </div>
</nav>


<div class="container-fluid">
  <div class="col-md-5 col-md-offset-1">

<table class="table table-bordered" id="build-info">
  <thead>
    <tr>
      <th>Project</th>
        <th>Number</th>
      <th>Date</th>
    </tr>
  </thead>
  <tbody>
    <tr class="info">
      <td>Cucumber HTML Reports</td>
        <td>1</td>
      <td>09 Sep 2021, 16:21</td>
    </tr>
  </tbody>
</table>

  </div>
  <div class="col-md-3 col-md-offset-2">
  </div>
</div>


<div id="report-lead" class="container-fluid">
  <div class="col-md-10 col-md-offset-1">
    <h2>Failures Overview</h2>
      <p>The following summary displays scenarios that failed.</p>
  </div>
</div>


<div class="container-fluid">
  <div class="row">
    <div class="col-md-1 col-md-offset-10">
      <i class="fa fa-chevron-circle-down fa-2x collapsable-control"
        onClick="javascript:$('#report .collapsable-details').collapse('show')"></i>
      <i class="fa fa-chevron-circle-up fa-2x collapsable-control"
        onClick="javascript:$('#report .collapsable-details').collapse('hide')"></i>
    </div>
  </div>
</div>


<div class="container-fluid" id="report">
  <div class="row">
    <div class="col-md-10 col-md-offset-1">

        <div class="elements">

<div class="element">
    <div class="indention">
      <b>Feature:</b>
      <a href="report-feature_2503968285.html">Deposit Money Menu</a>
    </div>


<div class="tags indention">
    <b>Tags:</b>
       <a href="report-tag_4089311534.html">@smoke</a>
</div>


  <span class="lead-duration duration">12.601</span>


  <span data-toggle="collapse" class=" collapsable-control" data-target="#element-1">

<div class="brief failed">
  <span class="keyword indention">Scenario</span>
  <span class="name">User should be see Deposit Money page</span>


     <i class="chevron fa fa-fw"></i>
</div>

  </span>
  <div class="description indention"></div>

  <div id="element-1" class="collapse collapsable-details  in ">


  <div class="inner-level hooks-element-before">
    <div data-toggle="collapse" class=" collapsed  collapsable-control" data-target="#before-2">

<div class="brief passed">
  <span class="keyword indention">Hooks</span>
  <span class="name"></span>


     <i class="chevron fa fa-fw"></i>
</div>

    </div>

    <div id="before-2" class="inner-level collapse collapsable-details ">
        <div class="hook">
          <div class="brief passed">
            <span class="keyword indention">Before</span>
              <span class="location name">com.bitpace.step_definitions.Hooks.setUp()</span>

  <span class="lead-duration duration">14.627</span>

          </div>







        </div>
    </div>
  </div>



<div class="steps inner-level">
  <div data-toggle="collapse" class=" collapsable-control" data-target="#steps-3">

<div class="brief failed">
  <span class="keyword indention">Steps</span>
  <span class="name"></span>


     <i class="chevron fa fa-fw"></i>
</div>

  </div>

  <div id="steps-3" class="inner-level collapse collapsable-details  in ">
      <div class="step">


<div class="brief step-name-When passed">
  <span class="keyword indention">When</span>
  <span class="name">user click Deposit Money menu</span>

  <span class="lead-duration duration">2.348</span>

</div>
















      </div>
      <div class="step">


<div class="brief step-name-And failed">
  <span class="keyword indention">And</span>
  <span class="name">user check pop up message and click Agree</span>

  <span class="lead-duration duration">10.253</span>

</div>






  <div class="inner-level">
    <div class="message indention">
      <div data-toggle="collapse" class=" collapsable-control" data-target="#msg-4">
          <a>org.openqa.selenium.NoSuchElementException:</a>
      </div>
      <div id="msg-4" class="collapse collapsable-details  in ">
        <pre>org.openqa.selenium.NoSuchElementException: no such element: Unable to locate element: {&quot;method&quot;:&quot;css selector&quot;,&quot;selector&quot;:&quot;[for='checkbox-1']&quot;}
  (Session info: chrome=93.0.4577.63)
For documentation on this error, please visit: https://www.seleniumhq.org/exceptions/no_such_element.html
Build info: version: '3.141.59', revision: 'e82be7d358', time: '2018-11-14T08:17:03'
System info: host: 'DESKTOP-CA9OM3D', ip: '172.20.10.2', os.name: 'Windows 10', os.arch: 'amd64', os.version: '10.0', java.version: '13.0.2'
Driver info: org.openqa.selenium.chrome.ChromeDriver
Capabilities {acceptInsecureCerts: false, browserName: chrome, browserVersion: 93.0.4577.63, chrome: {chromedriverVersion: 93.0.4577.63 (ff5c0da2ec0ad..., userDataDir: C:\Users\GKHAN~1\AppData\Lo...}, goog:chromeOptions: {debuggerAddress: localhost:57629}, javascriptEnabled: true, networkConnectionEnabled: false, pageLoadStrategy: normal, platform: WINDOWS, platformName: WINDOWS, proxy: Proxy(), setWindowRect: true, strictFileInteractability: false, timeouts: {implicit: 0, pageLoad: 300000, script: 30000}, unhandledPromptBehavior: dismiss and notify, webauthn:extension:credBlob: true, webauthn:extension:largeBlob: true, webauthn:virtualAuthenticators: true}
Session ID: f5ec838eeb3181b4bdadd015ac43abbb
*** Element info: {Using=css selector, value=[for='checkbox-1']}
	at java.base/jdk.internal.reflect.NativeConstructorAccessorImpl.newInstance0(Native Method)
	at java.base/jdk.internal.reflect.NativeConstructorAccessorImpl.newInstance(NativeConstructorAccessorImpl.java:62)
	at java.base/jdk.internal.reflect.DelegatingConstructorAccessorImpl.newInstance(DelegatingConstructorAccessorImpl.java:45)
	at java.base/java.lang.reflect.Constructor.newInstanceWithCaller(Constructor.java:500)
	at java.base/java.lang.reflect.Constructor.newInstance(Constructor.java:481)
	at org.openqa.selenium.remote.http.W3CHttpResponseCodec.createException(W3CHttpResponseCodec.java:187)
	at org.openqa.selenium.remote.http.W3CHttpResponseCodec.decode(W3CHttpResponseCodec.java:122)
	at org.openqa.selenium.remote.http.W3CHttpResponseCodec.decode(W3CHttpResponseCodec.java:49)
	at org.openqa.selenium.remote.HttpCommandExecutor.execute(HttpCommandExecutor.java:158)
	at org.openqa.selenium.remote.service.DriverCommandExecutor.execute(DriverCommandExecutor.java:83)
	at org.openqa.selenium.remote.RemoteWebDriver.execute(RemoteWebDriver.java:552)
	at org.openqa.selenium.remote.RemoteWebDriver.findElement(RemoteWebDriver.java:323)
	at org.openqa.selenium.remote.RemoteWebDriver.findElementByCssSelector(RemoteWebDriver.java:420)
	at org.openqa.selenium.By$ByCssSelector.findElement(By.java:431)
	at org.openqa.selenium.remote.RemoteWebDriver.findElement(RemoteWebDriver.java:315)
	at org.openqa.selenium.support.pagefactory.DefaultElementLocator.findElement(DefaultElementLocator.java:69)
	at org.openqa.selenium.support.pagefactory.internal.LocatingElementHandler.invoke(LocatingElementHandler.java:38)
	at com.sun.proxy.$Proxy19.click(Unknown Source)
	at com.bitpace.step_definitions.DepositMoneyStepDef.user_check_pop_up_message_and_click_Agree(DepositMoneyStepDef.java:18)
	at &#10045;.user check pop up message and click Agree(file:///C:/Users/G&ouml;khan/IdeaProjects/BitPace_UI/src/test/resources/features/DepositMoney.feature:11)
</pre>
      </div>
    </div>
  </div>











      </div>
      <div class="step">


<div class="brief step-name-Then skipped">
  <span class="keyword indention">Then</span>
  <span class="name">user should see <span class="argument">&quot;Deposit Money&quot;</span> title</span>

  <span class="lead-duration duration">0.000</span>

</div>
















      </div>
  </div>
</div>




  <div class="inner-level hooks-element-after">
    <div data-toggle="collapse" class=" collapsed  collapsable-control" data-target="#after-5">

<div class="brief passed">
  <span class="keyword indention">Hooks</span>
  <span class="name"></span>


     <i class="chevron fa fa-fw"></i>
</div>

    </div>

    <div id="after-5" class="inner-level collapse collapsable-details ">
        <div class="hook">
          <div class="brief passed">
            <span class="keyword indention">After</span>
              <span class="location name">com.bitpace.step_definitions.Hooks.tearDown(io.cucumber.java.Scenario)</span>

  <span class="lead-duration duration">18.711</span>

          </div>






  <div class="embeddings inner-level">
  <div class="embedding indention">
    <div data-toggle="collapse" data-target="#embedding-6" class="collapsable-control">
      <a>screenshot</a>
      <a href="embeddings/embedding_1420973809.png" download target="_blank">
        <span class="download-button glyphicon glyphicon-download-alt"></span>
      </a>
    </div>
    <div id="embedding-6" class="collapse collapsable-details ">
      <div class="embedding-content">
        <img src="embeddings/embedding_1420973809.png">
      </div>
    </div>
  </div>
  </div>

        </div>
    </div>
  </div>

  </div>
</div>


<div class="element">
    <div class="indention">
      <b>Feature:</b>
      <a href="report-feature_1_23594091.html">Make Payment</a>
    </div>


<div class="tags indention">
    <b>Tags:</b>
       <a href="report-tag_4089311534.html">@smoke</a>
</div>


  <span class="lead-duration duration">22.364</span>


  <span data-toggle="collapse" class=" collapsable-control" data-target="#element-7">

<div class="brief failed">
  <span class="keyword indention">Scenario</span>
  <span class="name">User should be see Payment Confirmation box</span>


     <i class="chevron fa fa-fw"></i>
</div>

  </span>
  <div class="description indention"></div>

  <div id="element-7" class="collapse collapsable-details  in ">


  <div class="inner-level hooks-element-before">
    <div data-toggle="collapse" class=" collapsed  collapsable-control" data-target="#before-8">

<div class="brief passed">
  <span class="keyword indention">Hooks</span>
  <span class="name"></span>


     <i class="chevron fa fa-fw"></i>
</div>

    </div>

    <div id="before-8" class="inner-level collapse collapsable-details ">
        <div class="hook">
          <div class="brief passed">
            <span class="keyword indention">Before</span>
              <span class="location name">com.bitpace.step_definitions.Hooks.setUp()</span>

  <span class="lead-duration duration">1.583</span>

          </div>







        </div>
    </div>
  </div>



<div class="steps inner-level">
  <div data-toggle="collapse" class=" collapsable-control" data-target="#steps-9">

<div class="brief failed">
  <span class="keyword indention">Steps</span>
  <span class="name"></span>


     <i class="chevron fa fa-fw"></i>
</div>

  </div>

  <div id="steps-9" class="inner-level collapse collapsable-details  in ">
      <div class="step">


<div class="brief step-name-Given passed">
  <span class="keyword indention">Given</span>
  <span class="name">enter value in  EUR Amount box</span>

  <span class="lead-duration duration">3.262</span>

</div>
















      </div>
      <div class="step">


<div class="brief step-name-When passed">
  <span class="keyword indention">When</span>
  <span class="name">user select currency <span class="argument">&quot;EUR&quot;</span></span>

  <span class="lead-duration duration">4.339</span>

</div>
















      </div>
      <div class="step">


<div class="brief step-name-And passed">
  <span class="keyword indention">And</span>
  <span class="name">user select cryptocurrency <span class="argument">&quot;ETH&quot;</span></span>

  <span class="lead-duration duration">4.513</span>

</div>
















      </div>
      <div class="step">


<div class="brief step-name-And passed">
  <span class="keyword indention">And</span>
  <span class="name">user enter wallet address</span>

  <span class="lead-duration duration">0.198</span>

</div>
















      </div>
      <div class="step">


<div class="brief step-name-And failed">
  <span class="keyword indention">And</span>
  <span class="name">user click Send button</span>

  <span class="lead-duration duration">10.050</span>

</div>






  <div class="inner-level">
    <div class="message indention">
      <div data-toggle="collapse" class=" collapsable-control" data-target="#msg-10">
          <a>org.openqa.selenium.NoSuchElementException:</a>
      </div>
      <div id="msg-10" class="collapse collapsable-details  in ">
        <pre>org.openqa.selenium.NoSuchElementException: no such element: Unable to locate element: {&quot;method&quot;:&quot;css selector&quot;,&quot;selector&quot;:&quot;[class='btn btnSendWallet']&quot;}
  (Session info: chrome=93.0.4577.63)
For documentation on this error, please visit: https://www.seleniumhq.org/exceptions/no_such_element.html
Build info: version: '3.141.59', revision: 'e82be7d358', time: '2018-11-14T08:17:03'
System info: host: 'DESKTOP-CA9OM3D', ip: '172.20.10.2', os.name: 'Windows 10', os.arch: 'amd64', os.version: '10.0', java.version: '13.0.2'
Driver info: org.openqa.selenium.chrome.ChromeDriver
Capabilities {acceptInsecureCerts: false, browserName: chrome, browserVersion: 93.0.4577.63, chrome: {chromedriverVersion: 93.0.4577.63 (ff5c0da2ec0ad..., userDataDir: C:\Users\GKHAN~1\AppData\Lo...}, goog:chromeOptions: {debuggerAddress: localhost:62305}, javascriptEnabled: true, networkConnectionEnabled: false, pageLoadStrategy: normal, platform: WINDOWS, platformName: WINDOWS, proxy: Proxy(), setWindowRect: true, strictFileInteractability: false, timeouts: {implicit: 0, pageLoad: 300000, script: 30000}, unhandledPromptBehavior: dismiss and notify, webauthn:extension:credBlob: true, webauthn:extension:largeBlob: true, webauthn:virtualAuthenticators: true}
Session ID: ee10141db4c1bf7cb5e5ad54e60ed16d
*** Element info: {Using=css selector, value=[class='btn btnSendWallet']}
	at java.base/jdk.internal.reflect.NativeConstructorAccessorImpl.newInstance0(Native Method)
	at java.base/jdk.internal.reflect.NativeConstructorAccessorImpl.newInstance(NativeConstructorAccessorImpl.java:62)
	at java.base/jdk.internal.reflect.DelegatingConstructorAccessorImpl.newInstance(DelegatingConstructorAccessorImpl.java:45)
	at java.base/java.lang.reflect.Constructor.newInstanceWithCaller(Constructor.java:500)
	at java.base/java.lang.reflect.Constructor.newInstance(Constructor.java:481)
	at org.openqa.selenium.remote.http.W3CHttpResponseCodec.createException(W3CHttpResponseCodec.java:187)
	at org.openqa.selenium.remote.http.W3CHttpResponseCodec.decode(W3CHttpResponseCodec.java:122)
	at org.openqa.selenium.remote.http.W3CHttpResponseCodec.decode(W3CHttpResponseCodec.java:49)
	at org.openqa.selenium.remote.HttpCommandExecutor.execute(HttpCommandExecutor.java:158)
	at org.openqa.selenium.remote.service.DriverCommandExecutor.execute(DriverCommandExecutor.java:83)
	at org.openqa.selenium.remote.RemoteWebDriver.execute(RemoteWebDriver.java:552)
	at org.openqa.selenium.remote.RemoteWebDriver.findElement(RemoteWebDriver.java:323)
	at org.openqa.selenium.remote.RemoteWebDriver.findElementByCssSelector(RemoteWebDriver.java:420)
	at org.openqa.selenium.By$ByCssSelector.findElement(By.java:431)
	at org.openqa.selenium.remote.RemoteWebDriver.findElement(RemoteWebDriver.java:315)
	at org.openqa.selenium.support.pagefactory.DefaultElementLocator.findElement(DefaultElementLocator.java:69)
	at org.openqa.selenium.support.pagefactory.internal.LocatingElementHandler.invoke(LocatingElementHandler.java:38)
	at com.sun.proxy.$Proxy19.click(Unknown Source)
	at com.bitpace.step_definitions.MakePaymentStepDef.user_click_Send_button(MakePaymentStepDef.java:179)
	at &#10045;.user click Send button(file:///C:/Users/G&ouml;khan/IdeaProjects/BitPace_UI/src/test/resources/features/MakePayment.feature:47)
</pre>
      </div>
    </div>
  </div>











      </div>
      <div class="step">


<div class="brief step-name-Then skipped">
  <span class="keyword indention">Then</span>
  <span class="name">user see <span class="argument">&quot;Payment Confirmation&quot;</span> title</span>

  <span class="lead-duration duration">0.000</span>

</div>
















      </div>
      <div class="step">


<div class="brief step-name-And skipped">
  <span class="keyword indention">And</span>
  <span class="name">user click Close button</span>

  <span class="lead-duration duration">0.000</span>

</div>
















      </div>
  </div>
</div>




  <div class="inner-level hooks-element-after">
    <div data-toggle="collapse" class=" collapsed  collapsable-control" data-target="#after-11">

<div class="brief passed">
  <span class="keyword indention">Hooks</span>
  <span class="name"></span>


     <i class="chevron fa fa-fw"></i>
</div>

    </div>

    <div id="after-11" class="inner-level collapse collapsable-details ">
        <div class="hook">
          <div class="brief passed">
            <span class="keyword indention">After</span>
              <span class="location name">com.bitpace.step_definitions.Hooks.tearDown(io.cucumber.java.Scenario)</span>

  <span class="lead-duration duration">0.900</span>

          </div>






  <div class="embeddings inner-level">
  <div class="embedding indention">
    <div data-toggle="collapse" data-target="#embedding-12" class="collapsable-control">
      <a>screenshot</a>
      <a href="embeddings/embedding_1339290797.png" download target="_blank">
        <span class="download-button glyphicon glyphicon-download-alt"></span>
      </a>
    </div>
    <div id="embedding-12" class="collapse collapsable-details ">
      <div class="embedding-content">
        <img src="embeddings/embedding_1339290797.png">
      </div>
    </div>
  </div>
  </div>

        </div>
    </div>
  </div>

  </div>
</div>


<div class="element">
    <div class="indention">
      <b>Feature:</b>
      <a href="report-feature_4_1507628802.html">Support Functional</a>
    </div>


<div class="tags indention">
    <b>Tags:</b>
       <a href="report-tag_4089311534.html">@smoke</a>
</div>


  <span class="lead-duration duration">12.945</span>


  <span data-toggle="collapse" class=" collapsable-control" data-target="#element-13">

<div class="brief failed">
  <span class="keyword indention">Scenario</span>
  <span class="name">User should be send message to support</span>


     <i class="chevron fa fa-fw"></i>
</div>

  </span>
  <div class="description indention"></div>

  <div id="element-13" class="collapse collapsable-details  in ">


  <div class="inner-level hooks-element-before">
    <div data-toggle="collapse" class=" collapsed  collapsable-control" data-target="#before-14">

<div class="brief passed">
  <span class="keyword indention">Hooks</span>
  <span class="name"></span>


     <i class="chevron fa fa-fw"></i>
</div>

    </div>

    <div id="before-14" class="inner-level collapse collapsable-details ">
        <div class="hook">
          <div class="brief passed">
            <span class="keyword indention">Before</span>
              <span class="location name">com.bitpace.step_definitions.Hooks.setUp()</span>

  <span class="lead-duration duration">14.189</span>

          </div>







        </div>
    </div>
  </div>



<div class="steps inner-level">
  <div data-toggle="collapse" class=" collapsable-control" data-target="#steps-15">

<div class="brief failed">
  <span class="keyword indention">Steps</span>
  <span class="name"></span>


     <i class="chevron fa fa-fw"></i>
</div>

  </div>

  <div id="steps-15" class="inner-level collapse collapsable-details  in ">
      <div class="step">


<div class="brief step-name-Given passed">
  <span class="keyword indention">Given</span>
  <span class="name">user click Support menu title</span>

  <span class="lead-duration duration">2.348</span>

</div>
















      </div>
      <div class="step">


<div class="brief step-name-When failed">
  <span class="keyword indention">When</span>
  <span class="name">user fill in the blank on support page</span>

  <span class="lead-duration duration">10.597</span>

</div>






  <div class="inner-level">
    <div class="message indention">
      <div data-toggle="collapse" class=" collapsable-control" data-target="#msg-16">
          <a>org.openqa.selenium.NoSuchElementException:</a>
      </div>
      <div id="msg-16" class="collapse collapsable-details  in ">
        <pre>org.openqa.selenium.NoSuchElementException: no such element: Unable to locate element: {&quot;method&quot;:&quot;css selector&quot;,&quot;selector&quot;:&quot;[aria-label='Message']&quot;}
  (Session info: chrome=93.0.4577.63)
For documentation on this error, please visit: https://www.seleniumhq.org/exceptions/no_such_element.html
Build info: version: '3.141.59', revision: 'e82be7d358', time: '2018-11-14T08:17:03'
System info: host: 'DESKTOP-CA9OM3D', ip: '172.20.10.2', os.name: 'Windows 10', os.arch: 'amd64', os.version: '10.0', java.version: '13.0.2'
Driver info: org.openqa.selenium.chrome.ChromeDriver
Capabilities {acceptInsecureCerts: false, browserName: chrome, browserVersion: 93.0.4577.63, chrome: {chromedriverVersion: 93.0.4577.63 (ff5c0da2ec0ad..., userDataDir: C:\Users\GKHAN~1\AppData\Lo...}, goog:chromeOptions: {debuggerAddress: localhost:57628}, javascriptEnabled: true, networkConnectionEnabled: false, pageLoadStrategy: normal, platform: WINDOWS, platformName: WINDOWS, proxy: Proxy(), setWindowRect: true, strictFileInteractability: false, timeouts: {implicit: 0, pageLoad: 300000, script: 30000}, unhandledPromptBehavior: dismiss and notify, webauthn:extension:credBlob: true, webauthn:extension:largeBlob: true, webauthn:virtualAuthenticators: true}
Session ID: f6dc93b152321edea1a5f6d59617625a
*** Element info: {Using=css selector, value=[aria-label='Message']}
	at java.base/jdk.internal.reflect.NativeConstructorAccessorImpl.newInstance0(Native Method)
	at java.base/jdk.internal.reflect.NativeConstructorAccessorImpl.newInstance(NativeConstructorAccessorImpl.java:62)
	at java.base/jdk.internal.reflect.DelegatingConstructorAccessorImpl.newInstance(DelegatingConstructorAccessorImpl.java:45)
	at java.base/java.lang.reflect.Constructor.newInstanceWithCaller(Constructor.java:500)
	at java.base/java.lang.reflect.Constructor.newInstance(Constructor.java:481)
	at org.openqa.selenium.remote.http.W3CHttpResponseCodec.createException(W3CHttpResponseCodec.java:187)
	at org.openqa.selenium.remote.http.W3CHttpResponseCodec.decode(W3CHttpResponseCodec.java:122)
	at org.openqa.selenium.remote.http.W3CHttpResponseCodec.decode(W3CHttpResponseCodec.java:49)
	at org.openqa.selenium.remote.HttpCommandExecutor.execute(HttpCommandExecutor.java:158)
	at org.openqa.selenium.remote.service.DriverCommandExecutor.execute(DriverCommandExecutor.java:83)
	at org.openqa.selenium.remote.RemoteWebDriver.execute(RemoteWebDriver.java:552)
	at org.openqa.selenium.remote.RemoteWebDriver.findElement(RemoteWebDriver.java:323)
	at org.openqa.selenium.remote.RemoteWebDriver.findElementByCssSelector(RemoteWebDriver.java:420)
	at org.openqa.selenium.By$ByCssSelector.findElement(By.java:431)
	at org.openqa.selenium.remote.RemoteWebDriver.findElement(RemoteWebDriver.java:315)
	at org.openqa.selenium.support.pagefactory.DefaultElementLocator.findElement(DefaultElementLocator.java:69)
	at org.openqa.selenium.support.pagefactory.internal.LocatingElementHandler.invoke(LocatingElementHandler.java:38)
	at com.sun.proxy.$Proxy19.sendKeys(Unknown Source)
	at com.bitpace.step_definitions.SupportStepDef.user_fill_in_the_blank_on_support_page(SupportStepDef.java:20)
	at &#10045;.user fill in the blank on support page(file:///C:/Users/G&ouml;khan/IdeaProjects/BitPace_UI/src/test/resources/features/Support.feature:11)
</pre>
      </div>
    </div>
  </div>











      </div>
      <div class="step">


<div class="brief step-name-And skipped">
  <span class="keyword indention">And</span>
  <span class="name">user click Submit button</span>

  <span class="lead-duration duration">0.000</span>

</div>
















      </div>
      <div class="step">


<div class="brief step-name-Then skipped">
  <span class="keyword indention">Then</span>
  <span class="name">user see confirm message</span>

  <span class="lead-duration duration">0.000</span>

</div>
















      </div>
  </div>
</div>




  <div class="inner-level hooks-element-after">
    <div data-toggle="collapse" class=" collapsed  collapsable-control" data-target="#after-17">

<div class="brief passed">
  <span class="keyword indention">Hooks</span>
  <span class="name"></span>


     <i class="chevron fa fa-fw"></i>
</div>

    </div>

    <div id="after-17" class="inner-level collapse collapsable-details ">
        <div class="hook">
          <div class="brief passed">
            <span class="keyword indention">After</span>
              <span class="location name">com.bitpace.step_definitions.Hooks.tearDown(io.cucumber.java.Scenario)</span>

  <span class="lead-duration duration">19.130</span>

          </div>






  <div class="embeddings inner-level">
  <div class="embedding indention">
    <div data-toggle="collapse" data-target="#embedding-18" class="collapsable-control">
      <a>screenshot</a>
      <a href="embeddings/embedding_543171921.png" download target="_blank">
        <span class="download-button glyphicon glyphicon-download-alt"></span>
      </a>
    </div>
    <div id="embedding-18" class="collapse collapsable-details ">
      <div class="embedding-content">
        <img src="embeddings/embedding_543171921.png">
      </div>
    </div>
  </div>
  </div>

        </div>
    </div>
  </div>

  </div>
</div>


<div class="element">
    <div class="indention">
      <b>Feature:</b>
      <a href="report-feature_5_1018181435.html">Users functionals</a>
    </div>


<div class="tags indention">
    <b>Tags:</b>
       <a href="report-tag_4089311534.html">@smoke</a>
</div>


  <span class="lead-duration duration">0.397</span>


  <span data-toggle="collapse" class=" collapsable-control" data-target="#element-19">

<div class="brief failed">
  <span class="keyword indention">Scenario</span>
  <span class="name">User should be see Users page</span>


     <i class="chevron fa fa-fw"></i>
</div>

  </span>
  <div class="description indention"></div>

  <div id="element-19" class="collapse collapsable-details  in ">


  <div class="inner-level hooks-element-before">
    <div data-toggle="collapse" class=" collapsed  collapsable-control" data-target="#before-20">

<div class="brief passed">
  <span class="keyword indention">Hooks</span>
  <span class="name"></span>


     <i class="chevron fa fa-fw"></i>
</div>

    </div>

    <div id="before-20" class="inner-level collapse collapsable-details ">
        <div class="hook">
          <div class="brief passed">
            <span class="keyword indention">Before</span>
              <span class="location name">com.bitpace.step_definitions.Hooks.setUp()</span>

  <span class="lead-duration duration">13.996</span>

          </div>







        </div>
    </div>
  </div>



<div class="steps inner-level">
  <div data-toggle="collapse" class=" collapsable-control" data-target="#steps-21">

<div class="brief failed">
  <span class="keyword indention">Steps</span>
  <span class="name"></span>


     <i class="chevron fa fa-fw"></i>
</div>

  </div>

  <div id="steps-21" class="inner-level collapse collapsable-details  in ">
      <div class="step">


<div class="brief step-name-Then failed">
  <span class="keyword indention">Then</span>
  <span class="name">user see <span class="argument">&quot;User List&quot;</span> titles</span>

  <span class="lead-duration duration">0.397</span>

</div>






  <div class="inner-level">
    <div class="message indention">
      <div data-toggle="collapse" class=" collapsable-control" data-target="#msg-22">
          <a>org.junit.ComparisonFailure:</a>
      </div>
      <div id="msg-22" class="collapse collapsable-details  in ">
        <pre>org.junit.ComparisonFailure: expected:&lt;[User List]&gt; but was:&lt;[Orders Summary]&gt;
	at org.junit.Assert.assertEquals(Assert.java:117)
	at org.junit.Assert.assertEquals(Assert.java:146)
	at com.bitpace.step_definitions.UsersStepDef.user_see_titles(UsersStepDef.java:27)
	at &#10045;.user see &quot;User List&quot; titles(file:///C:/Users/G&ouml;khan/IdeaProjects/BitPace_UI/src/test/resources/features/Users.feature:11)
</pre>
      </div>
    </div>
  </div>











      </div>
      <div class="step">


<div class="brief step-name-Then skipped">
  <span class="keyword indention">Then</span>
  <span class="name">user see user information</span>

  <span class="lead-duration duration">0.000</span>

</div>







          <table class="step-arguments">
              <tr>
                  <td>QA</td>
              </tr>
              <tr>
                  <td>Account</td>
              </tr>
              <tr>
                  <td>gokhan.guzelyurt+01@sgveteris.com</td>
              </tr>
              <tr>
                  <td>Click to see detailed privileges</td>
              </tr>
              <tr>
                  <td>ADMIN</td>
              </tr>
          </table>









      </div>
  </div>
</div>




  <div class="inner-level hooks-element-after">
    <div data-toggle="collapse" class=" collapsed  collapsable-control" data-target="#after-23">

<div class="brief passed">
  <span class="keyword indention">Hooks</span>
  <span class="name"></span>


     <i class="chevron fa fa-fw"></i>
</div>

    </div>

    <div id="after-23" class="inner-level collapse collapsable-details ">
        <div class="hook">
          <div class="brief passed">
            <span class="keyword indention">After</span>
              <span class="location name">com.bitpace.step_definitions.Hooks.tearDown(io.cucumber.java.Scenario)</span>

  <span class="lead-duration duration">5.313</span>

          </div>






  <div class="embeddings inner-level">
  <div class="embedding indention">
    <div data-toggle="collapse" data-target="#embedding-24" class="collapsable-control">
      <a>screenshot</a>
      <a href="embeddings/embedding_-933877384.png" download target="_blank">
        <span class="download-button glyphicon glyphicon-download-alt"></span>
      </a>
    </div>
    <div id="embedding-24" class="collapse collapsable-details ">
      <div class="embedding-content">
        <img src="embeddings/embedding_-933877384.png">
      </div>
    </div>
  </div>
  </div>

        </div>
    </div>
  </div>

  </div>
</div>


<div class="element">
    <div class="indention">
      <b>Feature:</b>
      <a href="report-feature_6_2157349641.html">Deposit Money Menu</a>
    </div>


<div class="tags indention">
    <b>Tags:</b>
       <a href="report-tag_4089311534.html">@smoke</a>
</div>


  <span class="lead-duration duration">11.686</span>


  <span data-toggle="collapse" class=" collapsable-control" data-target="#element-25">

<div class="brief failed">
  <span class="keyword indention">Scenario</span>
  <span class="name">User should be able to Create Withdrawal</span>


     <i class="chevron fa fa-fw"></i>
</div>

  </span>
  <div class="description indention"></div>

  <div id="element-25" class="collapse collapsable-details  in ">


  <div class="inner-level hooks-element-before">
    <div data-toggle="collapse" class=" collapsed  collapsable-control" data-target="#before-26">

<div class="brief passed">
  <span class="keyword indention">Hooks</span>
  <span class="name"></span>


     <i class="chevron fa fa-fw"></i>
</div>

    </div>

    <div id="before-26" class="inner-level collapse collapsable-details ">
        <div class="hook">
          <div class="brief passed">
            <span class="keyword indention">Before</span>
              <span class="location name">com.bitpace.step_definitions.Hooks.setUp()</span>

  <span class="lead-duration duration">3.722</span>

          </div>







        </div>
    </div>
  </div>



<div class="steps inner-level">
  <div data-toggle="collapse" class=" collapsable-control" data-target="#steps-27">

<div class="brief failed">
  <span class="keyword indention">Steps</span>
  <span class="name"></span>


     <i class="chevron fa fa-fw"></i>
</div>

  </div>

  <div id="steps-27" class="inner-level collapse collapsable-details  in ">
      <div class="step">


<div class="brief step-name-When passed">
  <span class="keyword indention">When</span>
  <span class="name">user click Create Withdrawal button</span>

  <span class="lead-duration duration">1.273</span>

</div>
















      </div>
      <div class="step">


<div class="brief step-name-And failed">
  <span class="keyword indention">And</span>
  <span class="name">user enter Withdrawal Amount</span>

  <span class="lead-duration duration">10.412</span>

</div>






  <div class="inner-level">
    <div class="message indention">
      <div data-toggle="collapse" class=" collapsable-control" data-target="#msg-28">
          <a>org.openqa.selenium.NoSuchElementException:</a>
      </div>
      <div id="msg-28" class="collapse collapsable-details  in ">
        <pre>org.openqa.selenium.NoSuchElementException: no such element: Unable to locate element: {&quot;method&quot;:&quot;css selector&quot;,&quot;selector&quot;:&quot;[aria-label='Withdrawal Amount']&quot;}
  (Session info: chrome=93.0.4577.63)
For documentation on this error, please visit: https://www.seleniumhq.org/exceptions/no_such_element.html
Build info: version: '3.141.59', revision: 'e82be7d358', time: '2018-11-14T08:17:03'
System info: host: 'DESKTOP-CA9OM3D', ip: '172.20.10.2', os.name: 'Windows 10', os.arch: 'amd64', os.version: '10.0', java.version: '13.0.2'
Driver info: org.openqa.selenium.chrome.ChromeDriver
Capabilities {acceptInsecureCerts: false, browserName: chrome, browserVersion: 93.0.4577.63, chrome: {chromedriverVersion: 93.0.4577.63 (ff5c0da2ec0ad..., userDataDir: C:\Users\GKHAN~1\AppData\Lo...}, goog:chromeOptions: {debuggerAddress: localhost:57406}, javascriptEnabled: true, networkConnectionEnabled: false, pageLoadStrategy: normal, platform: WINDOWS, platformName: WINDOWS, proxy: Proxy(), setWindowRect: true, strictFileInteractability: false, timeouts: {implicit: 0, pageLoad: 300000, script: 30000}, unhandledPromptBehavior: dismiss and notify, webauthn:extension:credBlob: true, webauthn:extension:largeBlob: true, webauthn:virtualAuthenticators: true}
Session ID: f8020f86ea726d44d51c993ec5182a6e
*** Element info: {Using=css selector, value=[aria-label='Withdrawal Amount']}
	at java.base/jdk.internal.reflect.NativeConstructorAccessorImpl.newInstance0(Native Method)
	at java.base/jdk.internal.reflect.NativeConstructorAccessorImpl.newInstance(NativeConstructorAccessorImpl.java:62)
	at java.base/jdk.internal.reflect.DelegatingConstructorAccessorImpl.newInstance(DelegatingConstructorAccessorImpl.java:45)
	at java.base/java.lang.reflect.Constructor.newInstanceWithCaller(Constructor.java:500)
	at java.base/java.lang.reflect.Constructor.newInstance(Constructor.java:481)
	at org.openqa.selenium.remote.http.W3CHttpResponseCodec.createException(W3CHttpResponseCodec.java:187)
	at org.openqa.selenium.remote.http.W3CHttpResponseCodec.decode(W3CHttpResponseCodec.java:122)
	at org.openqa.selenium.remote.http.W3CHttpResponseCodec.decode(W3CHttpResponseCodec.java:49)
	at org.openqa.selenium.remote.HttpCommandExecutor.execute(HttpCommandExecutor.java:158)
	at org.openqa.selenium.remote.service.DriverCommandExecutor.execute(DriverCommandExecutor.java:83)
	at org.openqa.selenium.remote.RemoteWebDriver.execute(RemoteWebDriver.java:552)
	at org.openqa.selenium.remote.RemoteWebDriver.findElement(RemoteWebDriver.java:323)
	at org.openqa.selenium.remote.RemoteWebDriver.findElementByCssSelector(RemoteWebDriver.java:420)
	at org.openqa.selenium.By$ByCssSelector.findElement(By.java:431)
	at org.openqa.selenium.remote.RemoteWebDriver.findElement(RemoteWebDriver.java:315)
	at org.openqa.selenium.support.pagefactory.DefaultElementLocator.findElement(DefaultElementLocator.java:69)
	at org.openqa.selenium.support.pagefactory.internal.LocatingElementHandler.invoke(LocatingElementHandler.java:38)
	at com.sun.proxy.$Proxy19.sendKeys(Unknown Source)
	at com.bitpace.step_definitions.WithdrawMoneyStepDef.user_enter_Withdrawal_Amount(WithdrawMoneyStepDef.java:39)
	at &#10045;.user enter Withdrawal Amount(file:///C:/Users/G&ouml;khan/IdeaProjects/BitPace_UI/src/test/resources/features/WithdrawMoney.feature:15)
</pre>
      </div>
    </div>
  </div>











      </div>
      <div class="step">


<div class="brief step-name-And skipped">
  <span class="keyword indention">And</span>
  <span class="name">user select Currency <span class="argument">&quot;EUR&quot;</span></span>

  <span class="lead-duration duration">0.000</span>

</div>
















      </div>
      <div class="step">


<div class="brief step-name-And skipped">
  <span class="keyword indention">And</span>
  <span class="name">user select Bank Account</span>

  <span class="lead-duration duration">0.000</span>

</div>
















      </div>
      <div class="step">


<div class="brief step-name-And skipped">
  <span class="keyword indention">And</span>
  <span class="name">user click Create Withdraw button</span>

  <span class="lead-duration duration">0.000</span>

</div>
















      </div>
      <div class="step">


<div class="brief step-name-Then skipped">
  <span class="keyword indention">Then</span>
  <span class="name">user see Withdrawal information</span>

  <span class="lead-duration duration">0.000</span>

</div>
















      </div>
  </div>
</div>




  <div class="inner-level hooks-element-after">
    <div data-toggle="collapse" class=" collapsed  collapsable-control" data-target="#after-29">

<div class="brief passed">
  <span class="keyword indention">Hooks</span>
  <span class="name"></span>


     <i class="chevron fa fa-fw"></i>
</div>

    </div>

    <div id="after-29" class="inner-level collapse collapsable-details ">
        <div class="hook">
          <div class="brief passed">
            <span class="keyword indention">After</span>
              <span class="location name">com.bitpace.step_definitions.Hooks.tearDown(io.cucumber.java.Scenario)</span>

  <span class="lead-duration duration">3.978</span>

          </div>






  <div class="embeddings inner-level">
  <div class="embedding indention">
    <div data-toggle="collapse" data-target="#embedding-30" class="collapsable-control">
      <a>screenshot</a>
      <a href="embeddings/embedding_-872330056.png" download target="_blank">
        <span class="download-button glyphicon glyphicon-download-alt"></span>
      </a>
    </div>
    <div id="embedding-30" class="collapse collapsable-details ">
      <div class="embedding-content">
        <img src="embeddings/embedding_-872330056.png">
      </div>
    </div>
  </div>
  </div>

        </div>
    </div>
  </div>

  </div>
</div>


<div class="element">
    <div class="indention">
      <b>Feature:</b>
      <a href="report-feature_6_2157349641.html">Deposit Money Menu</a>
    </div>


<div class="tags indention">
    <b>Tags:</b>
       <a href="report-tag_4089311534.html">@smoke</a>
</div>


  <span class="lead-duration duration">0.963</span>


  <span data-toggle="collapse" class=" collapsable-control" data-target="#element-31">

<div class="brief failed">
  <span class="keyword indention">Scenario</span>
  <span class="name">User should be see withdraw detail</span>


     <i class="chevron fa fa-fw"></i>
</div>

  </span>
  <div class="description indention"></div>

  <div id="element-31" class="collapse collapsable-details  in ">


  <div class="inner-level hooks-element-before">
    <div data-toggle="collapse" class=" collapsed  collapsable-control" data-target="#before-32">

<div class="brief passed">
  <span class="keyword indention">Hooks</span>
  <span class="name"></span>


     <i class="chevron fa fa-fw"></i>
</div>

    </div>

    <div id="before-32" class="inner-level collapse collapsable-details ">
        <div class="hook">
          <div class="brief passed">
            <span class="keyword indention">Before</span>
              <span class="location name">com.bitpace.step_definitions.Hooks.setUp()</span>

  <span class="lead-duration duration">2.009</span>

          </div>







        </div>
    </div>
  </div>



<div class="steps inner-level">
  <div data-toggle="collapse" class=" collapsable-control" data-target="#steps-33">

<div class="brief failed">
  <span class="keyword indention">Steps</span>
  <span class="name"></span>


     <i class="chevron fa fa-fw"></i>
</div>

  </div>

  <div id="steps-33" class="inner-level collapse collapsable-details  in ">
      <div class="step">


<div class="brief step-name-When passed">
  <span class="keyword indention">When</span>
  <span class="name">click search icon</span>

  <span class="lead-duration duration">0.435</span>

</div>
















      </div>
      <div class="step">


<div class="brief step-name-Then passed">
  <span class="keyword indention">Then</span>
  <span class="name">user see <span class="argument">&quot;Detail&quot;</span> header</span>

  <span class="lead-duration duration">0.159</span>

</div>
















      </div>
      <div class="step">


<div class="brief step-name-Then failed">
  <span class="keyword indention">Then</span>
  <span class="name">user see withdraw detail</span>

  <span class="lead-duration duration">0.367</span>

</div>






  <div class="inner-level">
    <div class="message indention">
      <div data-toggle="collapse" class=" collapsable-control" data-target="#msg-34">
          <a>java.lang.AssertionError:</a>
      </div>
      <div id="msg-34" class="collapse collapsable-details  in ">
        <pre>java.lang.AssertionError: expected:&lt;[Amount: 250, Currency: Euro, Bank information: QA bank information, Bank Name: QA Bank, Iban : 23333222323323232323, Swift Code : SWIFTXX, Country Name : United Kingdom]&gt; but was:&lt;[Amount: 1001, Currency: Euro, Bank information: adfsd, Bank Name: dgdfg, Iban : fdfdfdfd, Swift Code : fdgdfg, Country Name : Djibouti]&gt;
	at org.junit.Assert.fail(Assert.java:89)
	at org.junit.Assert.failNotEquals(Assert.java:835)
	at org.junit.Assert.assertEquals(Assert.java:120)
	at org.junit.Assert.assertEquals(Assert.java:146)
	at com.bitpace.step_definitions.WithdrawMoneyStepDef.user_see_withdraw_detail(WithdrawMoneyStepDef.java:83)
	at &#10045;.user see withdraw detail(file:///C:/Users/G&ouml;khan/IdeaProjects/BitPace_UI/src/test/resources/features/WithdrawMoney.feature:24)
</pre>
      </div>
    </div>
  </div>


          <table class="step-arguments">
              <tr>
                  <td>Amount: 250</td>
              </tr>
              <tr>
                  <td>Currency: Euro</td>
              </tr>
              <tr>
                  <td>Bank information: QA bank information</td>
              </tr>
              <tr>
                  <td>Bank Name: QA Bank</td>
              </tr>
              <tr>
                  <td>Iban : 23333222323323232323</td>
              </tr>
              <tr>
                  <td>Swift Code : SWIFTXX</td>
              </tr>
              <tr>
                  <td>Country Name : United Kingdom</td>
              </tr>
          </table>









      </div>
  </div>
</div>




  <div class="inner-level hooks-element-after">
    <div data-toggle="collapse" class=" collapsed  collapsable-control" data-target="#after-35">

<div class="brief passed">
  <span class="keyword indention">Hooks</span>
  <span class="name"></span>


     <i class="chevron fa fa-fw"></i>
</div>

    </div>

    <div id="after-35" class="inner-level collapse collapsable-details ">
        <div class="hook">
          <div class="brief passed">
            <span class="keyword indention">After</span>
              <span class="location name">com.bitpace.step_definitions.Hooks.tearDown(io.cucumber.java.Scenario)</span>

  <span class="lead-duration duration">1.202</span>

          </div>






  <div class="embeddings inner-level">
  <div class="embedding indention">
    <div data-toggle="collapse" data-target="#embedding-36" class="collapsable-control">
      <a>screenshot</a>
      <a href="embeddings/embedding_1766795585.png" download target="_blank">
        <span class="download-button glyphicon glyphicon-download-alt"></span>
      </a>
    </div>
    <div id="embedding-36" class="collapse collapsable-details ">
      <div class="embedding-content">
        <img src="embeddings/embedding_1766795585.png">
      </div>
    </div>
  </div>
  </div>

        </div>
    </div>
  </div>

  </div>
</div>


<div class="element">
    <div class="indention">
      <b>Feature:</b>
      <a href="report-feature_9_733882813.html">Trade Buy</a>
    </div>


<div class="tags indention">
    <b>Tags:</b>
       <a href="report-tag_4089311534.html">@smoke</a>
</div>


  <span class="lead-duration duration">19.513</span>


  <span data-toggle="collapse" class=" collapsable-control" data-target="#element-37">

<div class="brief failed">
  <span class="keyword indention">Scenario</span>
  <span class="name">User should be make buy transaction</span>


     <i class="chevron fa fa-fw"></i>
</div>

  </span>
  <div class="description indention"></div>

  <div id="element-37" class="collapse collapsable-details  in ">


  <div class="inner-level hooks-element-before">
    <div data-toggle="collapse" class=" collapsed  collapsable-control" data-target="#before-38">

<div class="brief passed">
  <span class="keyword indention">Hooks</span>
  <span class="name"></span>


     <i class="chevron fa fa-fw"></i>
</div>

    </div>

    <div id="before-38" class="inner-level collapse collapsable-details ">
        <div class="hook">
          <div class="brief passed">
            <span class="keyword indention">Before</span>
              <span class="location name">com.bitpace.step_definitions.Hooks.setUp()</span>

  <span class="lead-duration duration">14.033</span>

          </div>







        </div>
    </div>
  </div>



<div class="steps inner-level">
  <div data-toggle="collapse" class=" collapsable-control" data-target="#steps-39">

<div class="brief failed">
  <span class="keyword indention">Steps</span>
  <span class="name"></span>


     <i class="chevron fa fa-fw"></i>
</div>

  </div>

  <div id="steps-39" class="inner-level collapse collapsable-details  in ">
      <div class="step">


<div class="brief step-name-When passed">
  <span class="keyword indention">When</span>
  <span class="name">click Buy menu item</span>

  <span class="lead-duration duration">5.473</span>

</div>
















      </div>
      <div class="step">


<div class="brief step-name-Then passed">
  <span class="keyword indention">Then</span>
  <span class="name">user see Trade buy title</span>

  <span class="lead-duration duration">0.084</span>

</div>
















      </div>
      <div class="step">


<div class="brief step-name-And passed">
  <span class="keyword indention">And</span>
  <span class="name">enter value in  EUR Amount box for Trade Buy</span>

  <span class="lead-duration duration">3.196</span>

</div>
















      </div>
      <div class="step">


<div class="brief step-name-And passed">
  <span class="keyword indention">And</span>
  <span class="name">user select cryptocurrency <span class="argument">&quot;ETH&quot;</span> for Trade Buy</span>

  <span class="lead-duration duration">7.921</span>

</div>
















      </div>
      <div class="step">


<div class="brief step-name-And passed">
  <span class="keyword indention">And</span>
  <span class="name">Click Buy button</span>

  <span class="lead-duration duration">0.400</span>

</div>
















      </div>
      <div class="step">


<div class="brief step-name-And passed">
  <span class="keyword indention">And</span>
  <span class="name">Click confirm</span>

  <span class="lead-duration duration">1.182</span>

</div>
















      </div>
      <div class="step">


<div class="brief step-name-Then failed">
  <span class="keyword indention">Then</span>
  <span class="name">user see success page</span>

  <span class="lead-duration duration">1.253</span>

</div>






  <div class="inner-level">
    <div class="message indention">
      <div data-toggle="collapse" class=" collapsable-control" data-target="#msg-40">
          <a>java.lang.AssertionError</a>
      </div>
      <div id="msg-40" class="collapse collapsable-details  in ">
        <pre>java.lang.AssertionError
	at org.junit.Assert.fail(Assert.java:87)
	at org.junit.Assert.assertTrue(Assert.java:42)
	at org.junit.Assert.assertTrue(Assert.java:53)
	at com.bitpace.step_definitions.TradeBuyStepDef.user_see_success_page(TradeBuyStepDef.java:54)
	at &#10045;.user see success page(file:///C:/Users/G&ouml;khan/IdeaProjects/BitPace_UI/src/test/resources/features/tradeBuy.feature:17)
</pre>
      </div>
    </div>
  </div>











      </div>
  </div>
</div>




  <div class="inner-level hooks-element-after">
    <div data-toggle="collapse" class=" collapsed  collapsable-control" data-target="#after-41">

<div class="brief passed">
  <span class="keyword indention">Hooks</span>
  <span class="name"></span>


     <i class="chevron fa fa-fw"></i>
</div>

    </div>

    <div id="after-41" class="inner-level collapse collapsable-details ">
        <div class="hook">
          <div class="brief passed">
            <span class="keyword indention">After</span>
              <span class="location name">com.bitpace.step_definitions.Hooks.tearDown(io.cucumber.java.Scenario)</span>

  <span class="lead-duration duration">12.649</span>

          </div>






  <div class="embeddings inner-level">
  <div class="embedding indention">
    <div data-toggle="collapse" data-target="#embedding-42" class="collapsable-control">
      <a>screenshot</a>
      <a href="embeddings/embedding_997299717.png" download target="_blank">
        <span class="download-button glyphicon glyphicon-download-alt"></span>
      </a>
    </div>
    <div id="embedding-42" class="collapse collapsable-details ">
      <div class="embedding-content">
        <img src="embeddings/embedding_997299717.png">
      </div>
    </div>
  </div>
  </div>

        </div>
    </div>
  </div>

  </div>
</div>

        </div>

    </div>
  </div>
</div>


<div class="container-fluid">
  <div class="row">
    <div class="col-md-1 col-md-offset-10">
      <i class="fa fa-chevron-circle-down fa-2x collapsable-control"
        onClick="javascript:$('#report .collapsable-details').collapse('show')"></i>
      <i class="fa fa-chevron-circle-up fa-2x collapsable-control"
        onClick="javascript:$('#report .collapsable-details').collapse('hide')"></i>
    </div>
  </div>
</div>

<br/>

<nav class="navbar navbar-default" id="footer">
  <div class="container-fluid">
    <p class="navbar-text navbar-right">
        <small>generate Cucumber HTML reports via:&nbsp;</small>
        <a class="navbar-link" href="https://github.com/jenkinsci/cucumber-reports-plugin">Jenkins Plugin</a> |
        <a class="navbar-link" href="https://github.com/damianszczepanik/cucumber-reporting">Standalone</a> |
        <a class="navbar-link" href="https://github.com/damianszczepanik/cucumber-sandwich">Sandwich</a> |
        <a class="navbar-link" href="https://github.com/damianszczepanik/maven-cucumber-reporting">Maven</a>
        &nbsp;&nbsp;
    </p>
  </div>
</nav>

</body>
</html>
