-------------------------------------------------------------------------------
Test set: Dashboard functionals
-------------------------------------------------------------------------------
Tests run: 1, Failures: 1, Errors: 0, Skipped: 0, Time elapsed: 21.591 s <<< FAILURE! - in Dashboard functionals
User should be see filter options(Dashboard functionals)  Time elapsed: 21.591 s  <<< FAILURE!
java.lang.AssertionError: expected:<[TODAY, YESTERDAY, LAST WEEK, LAST MONTH, LAST YEAR]> but was:<[TODAY, YESTERDAY, LAST WEEK, LAST MONTH, LAST YEAR, , , , , ]>

