-------------------------------------------------------------------------------
Test set: Orderlist functionals
-------------------------------------------------------------------------------
Tests run: 2, Failures: 1, Errors: 0, Skipped: 0, Time elapsed: 70.819 s <<< FAILURE! - in Orderlist functionals
User search by Order Ä±d and match API(Orderlist functionals)  Time elapsed: 27.872 s  <<< FAILURE!
java.lang.AssertionError

